<?xml version="1.0" encoding="utf-8"?><testsuites name="pytest tests"><testsuite name="pytest" errors="0" failures="0" skipped="2" tests="125" time="0.658" timestamp="2026-05-26T22:09:34.579687+00:00" hostname="runnervmg397c"><testcase classname="test.test_BitstreamEvolutionProtocols" name="test_GenDataIncrementer_InstantiatesInput" time="0.000" /><testcase classname="test.test_BitstreamEvolutionProtocols" name="test_GenDataIncrementer_Increments[0-1]" time="0.001" /><testcase classname="test.test_BitstreamEvolutionProtocols" name="test_GenDataIncrementer_Increments[1-2]" time="0.000" /><testcase classname="test.test_BitstreamEvolutionProtocols" name="test_GenDataIncrementer_Increments[2-3]" time="0.000" /><testcase classname="test.test_BitstreamEvolutionProtocols" name="test_GenDataIncrementer_Increments[3-4]" time="0.000" /><testcase classname="test.test_BitstreamEvolutionProtocols" name="test_GenDataIncrementer_Increments[10-11]" time="0.000" /><testcase classname="test.test_BitstreamEvolutionProtocols" name="test_GenDataIncrementer_Increments[47-48]" time="0.000" /><testcase classname="test.test_BitstreamEvolutionProtocols" name="test_GenDataIncrementer_Increments[75-76]" time="0.000" /><testcase classname="test.test_BitstreamEvolutionProtocols" name="test_GenDataIncrementer_Increments[99-100]" time="0.000" /><testcase classname="test.test_BitstreamEvolutionProtocols" name="test_GenDataIncrementer_Increments[300-301]" time="0.000" /><testcase classname="test.test_BitstreamEvolutionProtocols" name="test_GenDataIncrementer_Increments[498-499]" time="0.000" /><testcase classname="test.test_BitstreamEvolutionProtocols" name="test_GenDataIncrementer_Increments[-1-0]" time="0.000" /><testcase classname="test.test_BitstreamEvolutionProtocols" name="test_GenDataIncrementer_Increments[-30--29]" time="0.000" /><testcase classname="test.test_BitstreamEvolutionProtocols" name="test_GenDataIncrementer_EndsLoopCorrectly" time="0.000" /><testcase classname="test.test_BitstreamEvolutionProtocols" name="test_GenDataIncrementer_EndsLoop_IfExceedsMaxGenNumber" time="0.000" /><testcase classname="test.test_BitstreamEvolutionProtocols" name="test_GenDataIncrementer_PerformsEntireLoopCorrectly[50]" time="0.000" /><testcase classname="test.test_BitstreamEvolutionProtocols" name="test_GenDataIncrementer_PerformsEntireLoopCorrectly[500]" time="0.000" /><testcase classname="test.test_BitstreamEvolutionProtocols" name="test_GenDataIncrementer_PerformsEntireLoopCorrectly[609]" time="0.001" /><testcase classname="test.test_BitstreamEvolutionProtocols" name="test_GenDataIncrementer_PerformsEntireLoopCorrectly[920]" time="0.001" /><testcase classname="test.test_BitstreamEvolutionProtocols" name="test_GenDataIncrementer_ZeroGenerations" time="0.000" /><testcase classname="test.test_BitstreamEvolutionProtocols" name="test_GenDataIncrementer_SingleGeneration" time="0.000" /><testcase classname="test.test_BitstreamEvolutionProtocols" name="test_GenDataIncrementer_return_type_validation" time="0.000" /><testcase classname="test.test_BitstreamEvolutionProtocols" name="test_float_satisfies_Fitness_protocol" time="0.000" /><testcase classname="test.test_BitstreamEvolutionProtocols" name="test_int_satisfies_Fitness_protocol" time="0.000" /><testcase classname="test.test_BitstreamEvolutionProtocols" name="test_custom_Fitness_class" time="0.000" /><testcase classname="test.test_BitstreamIndividual" name="test_randomize" time="0.002" /><testcase classname="test.test_BitstreamIndividual" name="test_mutate" time="0.003" /><testcase classname="test.test_BitstreamIndividual" name="test_crossover" time="0.000" /><testcase classname="test.test_BitstreamIndividual" name="test_BitstreamIndividual_init_bitstream_size" time="0.000" /><testcase classname="test.test_BitstreamIndividual" name="test_BitstreamIndividual_copy_from" time="0.000" /><testcase classname="test.test_BitstreamIndividual" name="test_BitstreamIndividual_crossover_at_zero" time="0.000" /><testcase classname="test.test_BitstreamIndividual" name="test_BitstreamIndividual_crossover_at_end" time="0.000" /><testcase classname="test.test_FileBasedCircuit.TestFileBasedCircuit" name="test_init_creates_asc_file" time="0.002" /><testcase classname="test.test_FileBasedCircuit.TestFileBasedCircuit" name="test_get_bitstream" time="0.002" /><testcase classname="test.test_FileBasedCircuit.TestFileBasedCircuit" name="test_set_bitstream" time="0.004" /><testcase classname="test.test_FileBasedCircuit.TestFileBasedCircuit" name="test_get_set_roundtrip" time="0.004" /><testcase classname="test.test_FileBasedCircuit.TestFileBasedCircuit" name="test_copy_from" time="0.004" /><testcase classname="test.test_FileBasedCircuit.TestFileBasedCircuit" name="test_get_file_attribute_default" time="0.001" /><testcase classname="test.test_FileBasedCircuit.TestFileBasedCircuit" name="test_set_and_get_file_attribute" time="0.001" /><testcase classname="test.test_FileCircuitFactory" name="test_file_based_circuit_factory" time="0.213" /><testcase classname="test.test_FitnessEval" name="test_varmax_fitness" time="0.001" /><testcase classname="test.test_FitnessEval" name="test_pulse_fitness" time="0.001" /><testcase classname="test.test_FitnessEval" name="test_EvalPulseCountFitness_perfect_match" time="0.001" /><testcase classname="test.test_FitnessEval" name="test_EvalPulseCountFitness_zero_pulses" time="0.001" /><testcase classname="test.test_FitnessEval" name="test_EvalPulseCountFitness_multiple_samples" time="0.001" /><testcase classname="test.test_FitnessEval" name="test_EvalPulseCountFitness_negative_difference" time="0.001" /><testcase classname="test.test_FitnessEval" name="test_EvalPulseCountFitness_error_returns_zero" time="0.001" /><testcase classname="test.test_FitnessEval" name="test_EvalVarMaxFitness_constant_data" time="0.001" /><testcase classname="test.test_FitnessEval" name="test_EvalVarMaxFitness_high_variance" time="0.001" /><testcase classname="test.test_FitnessEval" name="test_EvalVarMaxFitness_single_element" time="0.001" /><testcase classname="test.test_FitnessEval" name="test_EvalVarMaxFitness_error_returns_zero" time="0.001" /><testcase classname="test.test_FitnessEval" name="test_EvalVarMaxFitness_start_end_eval_lifecycle" time="0.001" /><testcase classname="test.test_GenBitstreamPopulation" name="test_generate_no_strategies" time="0.001" /><testcase classname="test.test_GenBitstreamPopulation" name="test_generate_randomize_strategy" time="0.012" /><testcase classname="test.test_GenBitstreamPopulation" name="test_generate_mutate_once_strategy" time="0.011" /><testcase classname="test.test_GenerateMeasurements" name="test_simple_generate_measurements" time="0.000" /><testcase classname="test.test_Measurement" name="test_Measurement_initial_result_is_failure" time="0.001" /><testcase classname="test.test_Measurement" name="test_Measurement_record_success" time="0.000" /><testcase classname="test.test_Measurement" name="test_Measurement_record_error" time="0.000" /><testcase classname="test.test_Measurement" name="test_Measurement_record_FPGA_used" time="0.000" /><testcase classname="test.test_Measurement" name="test_Measurement_generic_types" time="0.000" /><testcase classname="test.test_Measurement" name="test_Measurement_stores_constructor_args" time="0.000" /><testcase classname="test.test_Microcontroller" name="test_Microcontroller_init" time="0.001" /><testcase classname="test.test_Microcontroller" name="test_Microcontroller_get_available_FPGAs" time="0.001" /><testcase classname="test.test_Microcontroller" name="test_Microcontroller_measure_signal" time="0.003" /><testcase classname="test.test_Microcontroller" name="test_Microcontroller_measure_pulses" time="0.003" /><testcase classname="test.test_Microcontroller" name="test_Microcontroller_request_measurement_waveform" time="0.003" /><testcase classname="test.test_Microcontroller" name="test_Microcontroller_request_measurement_oscillations" time="0.003" /><testcase classname="test.test_Microcontroller" name="test_Microcontroller_timeout_recovery" time="0.004" /><testcase classname="test.test_TrivialImplementation" name="test_TrivialCircuit_SetsInherentFitness" time="0.000" /><testcase classname="test.test_TrivialImplementation" name="test_TrivialCircuit_ImplementsCompile" time="0.000" /><testcase classname="test.test_TrivialImplementation" name="test_TrivialCircuitFatory_ReturnsTheIndividualAsACircuit" time="0.000" /><testcase classname="test.test_TrivialImplementation" name="test_TrivialGenerateInitialPopulation_ReturnsCorrectlySizedPopulation[1]" time="0.000" /><testcase classname="test.test_TrivialImplementation" name="test_TrivialGenerateInitialPopulation_ReturnsCorrectlySizedPopulation[2]" time="0.000" /><testcase classname="test.test_TrivialImplementation" name="test_TrivialGenerateInitialPopulation_ReturnsCorrectlySizedPopulation[3]" time="0.000" /><testcase classname="test.test_TrivialImplementation" name="test_TrivialGenerateInitialPopulation_ReturnsCorrectlySizedPopulation[6]" time="0.000" /><testcase classname="test.test_TrivialImplementation" name="test_TrivialGenerateInitialPopulation_ReturnsCorrectlySizedPopulation[10]" time="0.000" /><testcase classname="test.test_TrivialImplementation" name="test_TrivialGenerateInitialPopulation_ReturnsCorrectlySizedPopulation[100]" time="0.000" /><testcase classname="test.test_TrivialImplementation" name="test_TrivialGenerateInitialPopulation_ReturnsCorrectlySizedPopulation[1000]" time="0.001" /><testcase classname="test.test_TrivialImplementation" name="test_TrivialGenerateInitialPopulation_GeneratesIndividualsWithRandomInt" time="0.002" /><testcase classname="test.test_TrivialImplementation" name="test_TrivialGenerateInitialPopulation_ReturnsEmptyPopulationIfZeroOrNegativePopulationSize" time="0.000" /><testcase classname="test.test_TrivialImplementation" name="test_TrivialGenerateInitialPopulation_WorksWithPartial" time="0.003" /><testcase classname="test.test_TrivialImplementation" name="test_TrivialReproduceWithMutation_ReturnsSameSizeUnevaluatedPopulation" time="0.001" /><testcase classname="test.test_TrivialImplementation" name="test_TrivialReproduceWithMutation_KeepsTopHalfOfPopulation[50]" time="0.000" /><testcase classname="test.test_TrivialImplementation" name="test_TrivialReproduceWithMutation_KeepsTopHalfOfPopulation[100]" time="0.000" /><testcase classname="test.test_TrivialImplementation" name="test_TrivialReproduceWithMutation_KeepsTopHalfOfPopulation[13]" time="0.000" /><testcase classname="test.test_TrivialImplementation" name="test_TrivialReproduceWithMutation_KeepsTopHalfOfPopulation[51]" time="0.000" /><testcase classname="test.test_TrivialImplementation" name="test_FakeMeasuringFitnessTrivialImplemention_EvaluatesTheSamePopulation" time="0.000" /><testcase classname="test.test_TrivialImplementation" name="test_TrivialGenerateMeasurements_HasProperlyStructuredFormForReturns" time="0.000" /><testcase classname="test.test_TrivialImplementation" name="test_FakeHardwareTrivialEvaluateMeasurements" time="0.000"><skipped type="pytest.skip" message="unconditional skip">/home/runner/work/BitstreamEvolution/BitstreamEvolution/test/test_TrivialImplementation.py:250: unconditional skip</skipped></testcase><testcase classname="test.test_TrivialImplementation" name="test_TrivialEvaluatePopulationFitness" time="0.000"><skipped type="pytest.skip" message="unconditional skip">/home/runner/work/BitstreamEvolution/BitstreamEvolution/test/test_TrivialImplementation.py:255: unconditional skip</skipped></testcase><testcase classname="test.test_TrivialImplementation" name="test_TrivialHardware_evaluates_measurements" time="0.001" /><testcase classname="test.test_TrivialImplementation" name="test_TrivialEvolution_InitializeAndRunEvolution" time="0.013" /><testcase classname="test.test_TrivialImplementation" name="test_TrivialEvolution_TestUsingOOAndRunEvolution" time="0.013" /><testcase classname="test.test_end_to_end" name="test_evolution_pipeline_integration" time="0.000" /><testcase classname="test.test_end_to_end" name="test_circuit_factory_to_measurements_integration" time="0.000" /><testcase classname="test.test_end_to_end" name="test_measurement_to_fitness_integration" time="0.000" /><testcase classname="test.test_end_to_end" name="test_measurement_to_fitness_with_unevaluated" time="0.000" /><testcase classname="test.test_end_to_end" name="test_full_trivial_pipeline_single_generation" time="0.000" /><testcase classname="test.test_interface_integration" name="test_CircuitFactory_returns_correct_structure" time="0.000" /><testcase classname="test.test_interface_integration" name="test_CircuitFactory_handles_empty_population" time="0.000" /><testcase classname="test.test_interface_integration" name="test_CircuitFactory_population_individual_tracking" time="0.000" /><testcase classname="test.test_interface_integration" name="test_GenerateMeasurements_return_structure" time="0.000" /><testcase classname="test.test_interface_integration" name="test_GenerateMeasurements_factory_integration" time="0.000" /><testcase classname="test.test_interface_integration" name="test_GenerateMeasurements_multiple_populations" time="0.000" /><testcase classname="test.test_interface_integration" name="test_GenerateMeasurements_empty_input" time="0.000" /><testcase classname="test.test_interface_integration" name="test_EvaluatePopulationFitness_modifies_in_place" time="0.001" /><testcase classname="test.test_interface_integration" name="test_EvaluatePopulationFitness_measurement_mapping" time="0.001" /><testcase classname="test.test_interface_integration" name="test_EvaluatePopulationFitness_handles_errors" time="0.001" /><testcase classname="test.test_interface_integration" name="test_EvaluatePopulationFitness_multiple_measurements" time="0.001" /><testcase classname="test.test_interface_integration" name="test_Reproducer_returns_new_population" time="0.000" /><testcase classname="test.test_interface_integration" name="test_Reproducer_returns_unevaluated_population" time="0.000" /><testcase classname="test.test_interface_integration" name="test_Reproducer_input_unchanged" time="0.000" /><testcase classname="test.test_interface_integration" name="test_FitnessEvaluator_lifecycle" time="0.001" /><testcase classname="test.test_interface_integration" name="test_FitnessEvaluator_calculate_success_called" time="0.001" /><testcase classname="test.test_interface_integration" name="test_FitnessEvaluator_calculate_error_called" time="0.001" /><testcase classname="test.test_population" name="test_set_fitness_updates_only_specified_individual" time="0.001" /><testcase classname="test.test_population" name="test_sort_orders_by_fitness_ascending" time="0.001" /><testcase classname="test.test_population" name="test_set_fitness_of_unevaluated_individuals_fills_none_values" time="0.001" /><testcase classname="test.test_population" name="test_Population_rejects_duplicate_individuals" time="0.000" /><testcase classname="test.test_population" name="test_Population_set_fitness_raises_on_missing_individual" time="0.000" /><testcase classname="test.test_population" name="test_Population_sort_raises_on_unevaluated" time="0.000" /><testcase classname="test.test_population" name="test_Population_iteration_yields_tuples" time="0.000" /><testcase classname="test.test_population" name="test_Population_length" time="0.001" /><testcase classname="test.test_population" name="test_Population_fitness_length_mismatch" time="0.000" /></testsuite></testsuites>